CRITICAL - 2023-06-10 23:09:01 --> syntax error, unexpected identifier "id", expecting "]"
in APPPATH\Views\registro_cliente_view.php on line 19.
 1 SYSTEMPATH\View\View.php(216): CodeIgniter\View\View->CodeIgniter\View\{closure}()
 2 SYSTEMPATH\Common.php(1184): CodeIgniter\View\View->render('registro_cliente_view', [], true)
 3 APPPATH\Controllers\Home.php(64): view('registro_cliente_view')
 4 SYSTEMPATH\CodeIgniter.php(934): App\Controllers\Home->llamarRegistroCliente()
 5 SYSTEMPATH\CodeIgniter.php(499): CodeIgniter\CodeIgniter->runController(Object(App\Controllers\Home))
 6 SYSTEMPATH\CodeIgniter.php(368): CodeIgniter\CodeIgniter->handleRequest(null, Object(Config\Cache), false)
 7 FCPATH\index.php(67): CodeIgniter\CodeIgniter->run()
CRITICAL - 2023-06-10 23:10:04 --> syntax error, unexpected token "class", expecting "function" or "const"
in APPPATH\Controllers\UserController.php on line 44.
 1 SYSTEMPATH\Autoloader\Autoloader.php(289): CodeIgniter\Autoloader\Autoloader->includeFile('C:\\xampp\\htdocs\\proyecto_coronas_jezabel\\app\\Controllers\\UserController.php')
 2 SYSTEMPATH\Autoloader\Autoloader.php(267): CodeIgniter\Autoloader\Autoloader->loadInNamespace('App\\Controllers\\UserController')
 3 [internal function]: CodeIgniter\Autoloader\Autoloader->loadClass('App\\Controllers\\UserController')
 4 SYSTEMPATH\CodeIgniter.php(892): class_exists('\\App\\Controllers\\UserController', true)
 5 SYSTEMPATH\CodeIgniter.php(486): CodeIgniter\CodeIgniter->startController()
 6 SYSTEMPATH\CodeIgniter.php(368): CodeIgniter\CodeIgniter->handleRequest(null, Object(Config\Cache), false)
 7 FCPATH\index.php(67): CodeIgniter\CodeIgniter->run()
CRITICAL - 2023-06-10 23:14:58 --> Namespace declaration statement has to be the very first statement or after any declare call in the script
in APPPATH\Controllers\UserController.php on line 3.
 1 [internal function]: CodeIgniter\Debug\Exceptions->shutdownHandler()
CRITICAL - 2023-06-10 23:16:31 --> Namespace declaration statement has to be the very first statement or after any declare call in the script
in APPPATH\Controllers\UserController.php on line 3.
 1 [internal function]: CodeIgniter\Debug\Exceptions->shutdownHandler()
CRITICAL - 2023-06-10 23:28:11 --> syntax error, unexpected token "=", expecting ")"
in APPPATH\Views\registro_cliente_view.php on line 40.
 1 SYSTEMPATH\View\View.php(216): CodeIgniter\View\View->CodeIgniter\View\{closure}()
 2 SYSTEMPATH\Common.php(1184): CodeIgniter\View\View->render('registro_cliente_view', [], true)
 3 APPPATH\Controllers\Home.php(64): view('registro_cliente_view')
 4 SYSTEMPATH\CodeIgniter.php(934): App\Controllers\Home->llamarRegistroCliente()
 5 SYSTEMPATH\CodeIgniter.php(499): CodeIgniter\CodeIgniter->runController(Object(App\Controllers\Home))
 6 SYSTEMPATH\CodeIgniter.php(368): CodeIgniter\CodeIgniter->handleRequest(null, Object(Config\Cache), false)
 7 FCPATH\index.php(67): CodeIgniter\CodeIgniter->run()
CRITICAL - 2023-06-10 23:29:32 --> Cannot redeclare App\Controllers\UserController::registrar_contacto()
in APPPATH\Controllers\UserController.php on line 46.
 1 [internal function]: CodeIgniter\Debug\Exceptions->shutdownHandler()
