CRITICAL - 2023-05-30 14:11:50 --> Call to undefined function set_value()
in APPPATH\Views\contacto.php on line 61.
 1 SYSTEMPATH\View\View.php(213): include()
 2 SYSTEMPATH\View\View.php(216): CodeIgniter\View\View->CodeIgniter\View\{closure}()
 3 SYSTEMPATH\Common.php(1184): CodeIgniter\View\View->render('contacto', [], true)
 4 APPPATH\Controllers\Home.php(53): view('contacto')
 5 SYSTEMPATH\CodeIgniter.php(934): App\Controllers\Home->llamarContacto()
 6 SYSTEMPATH\CodeIgniter.php(499): CodeIgniter\CodeIgniter->runController(Object(App\Controllers\Home))
 7 SYSTEMPATH\CodeIgniter.php(368): CodeIgniter\CodeIgniter->handleRequest(null, Object(Config\Cache), false)
 8 FCPATH\index.php(67): CodeIgniter\CodeIgniter->run()
CRITICAL - 2023-05-30 14:17:49 --> Call to undefined function set_value()
in APPPATH\Views\contacto.php on line 61.
 1 SYSTEMPATH\View\View.php(213): include()
 2 SYSTEMPATH\View\View.php(216): CodeIgniter\View\View->CodeIgniter\View\{closure}()
 3 SYSTEMPATH\Common.php(1184): CodeIgniter\View\View->render('contacto', [], true)
 4 APPPATH\Controllers\Home.php(53): view('contacto')
 5 SYSTEMPATH\CodeIgniter.php(934): App\Controllers\Home->llamarContacto()
 6 SYSTEMPATH\CodeIgniter.php(499): CodeIgniter\CodeIgniter->runController(Object(App\Controllers\Home))
 7 SYSTEMPATH\CodeIgniter.php(368): CodeIgniter\CodeIgniter->handleRequest(null, Object(Config\Cache), false)
 8 FCPATH\index.php(67): CodeIgniter\CodeIgniter->run()
CRITICAL - 2023-05-30 14:25:35 --> Call to undefined function set_value()
in APPPATH\Views\contacto.php on line 61.
 1 SYSTEMPATH\View\View.php(213): include()
 2 SYSTEMPATH\View\View.php(216): CodeIgniter\View\View->CodeIgniter\View\{closure}()
 3 SYSTEMPATH\Common.php(1184): CodeIgniter\View\View->render('contacto', [], true)
 4 APPPATH\Controllers\Home.php(53): view('contacto')
 5 SYSTEMPATH\CodeIgniter.php(934): App\Controllers\Home->llamarContacto()
 6 SYSTEMPATH\CodeIgniter.php(499): CodeIgniter\CodeIgniter->runController(Object(App\Controllers\Home))
 7 SYSTEMPATH\CodeIgniter.php(368): CodeIgniter\CodeIgniter->handleRequest(null, Object(Config\Cache), false)
 8 FCPATH\index.php(67): CodeIgniter\CodeIgniter->run()
CRITICAL - 2023-05-30 14:25:44 --> Call to undefined function set_value()
in APPPATH\Views\contacto.php on line 61.
 1 SYSTEMPATH\View\View.php(213): include()
 2 SYSTEMPATH\View\View.php(216): CodeIgniter\View\View->CodeIgniter\View\{closure}()
 3 SYSTEMPATH\Common.php(1184): CodeIgniter\View\View->render('contacto', [], true)
 4 APPPATH\Controllers\Home.php(53): view('contacto')
 5 SYSTEMPATH\CodeIgniter.php(934): App\Controllers\Home->llamarContacto()
 6 SYSTEMPATH\CodeIgniter.php(499): CodeIgniter\CodeIgniter->runController(Object(App\Controllers\Home))
 7 SYSTEMPATH\CodeIgniter.php(368): CodeIgniter\CodeIgniter->handleRequest(null, Object(Config\Cache), false)
 8 FCPATH\index.php(67): CodeIgniter\CodeIgniter->run()
CRITICAL - 2023-05-30 14:29:36 --> Call to undefined function set_value()
in APPPATH\Views\contacto.php on line 61.
 1 SYSTEMPATH\View\View.php(213): include()
 2 SYSTEMPATH\View\View.php(216): CodeIgniter\View\View->CodeIgniter\View\{closure}()
 3 SYSTEMPATH\Common.php(1184): CodeIgniter\View\View->render('contacto', [], true)
 4 APPPATH\Controllers\Home.php(53): view('contacto')
 5 SYSTEMPATH\CodeIgniter.php(934): App\Controllers\Home->llamarContacto()
 6 SYSTEMPATH\CodeIgniter.php(499): CodeIgniter\CodeIgniter->runController(Object(App\Controllers\Home))
 7 SYSTEMPATH\CodeIgniter.php(368): CodeIgniter\CodeIgniter->handleRequest(null, Object(Config\Cache), false)
 8 FCPATH\index.php(67): CodeIgniter\CodeIgniter->run()
CRITICAL - 2023-05-30 14:32:02 --> Call to undefined function set_value()
in APPPATH\Views\contacto.php on line 61.
 1 SYSTEMPATH\View\View.php(213): include()
 2 SYSTEMPATH\View\View.php(216): CodeIgniter\View\View->CodeIgniter\View\{closure}()
 3 SYSTEMPATH\Common.php(1184): CodeIgniter\View\View->render('contacto', [], true)
 4 APPPATH\Controllers\Home.php(53): view('contacto')
 5 SYSTEMPATH\CodeIgniter.php(934): App\Controllers\Home->llamarContacto()
 6 SYSTEMPATH\CodeIgniter.php(499): CodeIgniter\CodeIgniter->runController(Object(App\Controllers\Home))
 7 SYSTEMPATH\CodeIgniter.php(368): CodeIgniter\CodeIgniter->handleRequest(null, Object(Config\Cache), false)
 8 FCPATH\index.php(67): CodeIgniter\CodeIgniter->run()
CRITICAL - 2023-05-30 14:32:12 --> Call to undefined function set_value()
in APPPATH\Views\contacto.php on line 61.
 1 SYSTEMPATH\View\View.php(213): include()
 2 SYSTEMPATH\View\View.php(216): CodeIgniter\View\View->CodeIgniter\View\{closure}()
 3 SYSTEMPATH\Common.php(1184): CodeIgniter\View\View->render('contacto', [], true)
 4 APPPATH\Controllers\Home.php(53): view('contacto')
 5 SYSTEMPATH\CodeIgniter.php(934): App\Controllers\Home->llamarContacto()
 6 SYSTEMPATH\CodeIgniter.php(499): CodeIgniter\CodeIgniter->runController(Object(App\Controllers\Home))
 7 SYSTEMPATH\CodeIgniter.php(368): CodeIgniter\CodeIgniter->handleRequest(null, Object(Config\Cache), false)
 8 FCPATH\index.php(67): CodeIgniter\CodeIgniter->run()
CRITICAL - 2023-05-30 14:32:15 --> Call to undefined function set_value()
in APPPATH\Views\contacto.php on line 61.
 1 SYSTEMPATH\View\View.php(213): include()
 2 SYSTEMPATH\View\View.php(216): CodeIgniter\View\View->CodeIgniter\View\{closure}()
 3 SYSTEMPATH\Common.php(1184): CodeIgniter\View\View->render('contacto', [], true)
 4 APPPATH\Controllers\Home.php(53): view('contacto')
 5 SYSTEMPATH\CodeIgniter.php(934): App\Controllers\Home->llamarContacto()
 6 SYSTEMPATH\CodeIgniter.php(499): CodeIgniter\CodeIgniter->runController(Object(App\Controllers\Home))
 7 SYSTEMPATH\CodeIgniter.php(368): CodeIgniter\CodeIgniter->handleRequest(null, Object(Config\Cache), false)
 8 FCPATH\index.php(67): CodeIgniter\CodeIgniter->run()
CRITICAL - 2023-05-30 14:36:46 --> Call to undefined function set_value()
in APPPATH\Views\contacto.php on line 61.
 1 SYSTEMPATH\View\View.php(213): include()
 2 SYSTEMPATH\View\View.php(216): CodeIgniter\View\View->CodeIgniter\View\{closure}()
 3 SYSTEMPATH\Common.php(1184): CodeIgniter\View\View->render('contacto', [], true)
 4 APPPATH\Controllers\Home.php(53): view('contacto')
 5 SYSTEMPATH\CodeIgniter.php(934): App\Controllers\Home->llamarContacto()
 6 SYSTEMPATH\CodeIgniter.php(499): CodeIgniter\CodeIgniter->runController(Object(App\Controllers\Home))
 7 SYSTEMPATH\CodeIgniter.php(368): CodeIgniter\CodeIgniter->handleRequest(null, Object(Config\Cache), false)
 8 FCPATH\index.php(67): CodeIgniter\CodeIgniter->run()
CRITICAL - 2023-05-30 14:39:41 --> Call to undefined function set_value()
in APPPATH\Views\contacto.php on line 61.
 1 SYSTEMPATH\View\View.php(213): include()
 2 SYSTEMPATH\View\View.php(216): CodeIgniter\View\View->CodeIgniter\View\{closure}()
 3 SYSTEMPATH\Common.php(1184): CodeIgniter\View\View->render('contacto', [], true)
 4 APPPATH\Controllers\Home.php(53): view('contacto')
 5 SYSTEMPATH\CodeIgniter.php(934): App\Controllers\Home->llamarContacto()
 6 SYSTEMPATH\CodeIgniter.php(499): CodeIgniter\CodeIgniter->runController(Object(App\Controllers\Home))
 7 SYSTEMPATH\CodeIgniter.php(368): CodeIgniter\CodeIgniter->handleRequest(null, Object(Config\Cache), false)
 8 FCPATH\index.php(67): CodeIgniter\CodeIgniter->run()
CRITICAL - 2023-05-30 14:43:58 --> Assignments can only happen to writable values
in APPPATH\Controllers\Home.php on line 50.
 1 [internal function]: CodeIgniter\Debug\Exceptions->shutdownHandler()
CRITICAL - 2023-05-30 14:44:23 --> Assignments can only happen to writable values
in APPPATH\Controllers\Home.php on line 50.
 1 [internal function]: CodeIgniter\Debug\Exceptions->shutdownHandler()
